This file contains any messages produced by compilers while
running configure, to aid debugging if configure makes a mistake.

configure:893: checking host system type
configure:914: checking target system type
configure:932: checking build system type
configure:993: checking for mawk
configure:993: checking for gawk
configure:1267: checking for perl5
configure:1267: checking for perl
configure:2667: checking for gcc
configure:2780: checking whether the C compiler (cl  ) works
configure:2796: cl -o conftest    conftest.c  1>&5
Microsoft (R) C/C++ Optimizing Compiler Version 18.00.31101 for x64
Copyright (C) Microsoft Corporation.  All rights reserved.

cl : Command line warning D9035 : option 'o' has been deprecated and will be removed in a future release
conftest.c
Microsoft (R) Incremental Linker Version 12.00.31101.0
Copyright (C) Microsoft Corporation.  All rights reserved.

/out:conftest.exe 
/out:conftest.exe 
conftest.obj 
configure:2822: checking whether the C compiler (cl  ) is a cross-compiler
configure:2827: checking whether we are using GNU C
configure:2836: cl -E conftest.c
Microsoft (R) C/C++ Optimizing Compiler Version 18.00.31101 for x64
Copyright (C) Microsoft Corporation.  All rights reserved.

conftest.c
configure:2855: checking whether cl accepts -g
configure:2891: checking for c++
configure:2923: checking whether the C++ compiler (cl  ) works
configure:2939: cl -o conftest    conftest.C  1>&5
Microsoft (R) C/C++ Optimizing Compiler Version 18.00.31101 for x64
Copyright (C) Microsoft Corporation.  All rights reserved.

cl : Command line warning D9035 : option 'o' has been deprecated and will be removed in a future release
conftest.C
Microsoft (R) Incremental Linker Version 12.00.31101.0
Copyright (C) Microsoft Corporation.  All rights reserved.

/out:conftest.exe 
/out:conftest.exe 
conftest.obj 
configure:2965: checking whether the C++ compiler (cl  ) is a cross-compiler
configure:2970: checking whether we are using GNU C++
configure:2979: cl -E conftest.C
Microsoft (R) C/C++ Optimizing Compiler Version 18.00.31101 for x64
Copyright (C) Microsoft Corporation.  All rights reserved.

conftest.C
configure:2998: checking whether cl accepts -g
configure:3032: checking for ranlib
configure:3064: checking for ml
configure:3064: checking for as
configure:3118: checking for ar
configure:3153: checking for ld
configure:3188: checking for strip
configure:3223: checking for windres
configure:3585: cl -c  -TC -nologo  conftest.c 1>&5
conftest.c
configure:3610: cl -c  -TP -nologo -wd4345 -wd4351 -wd4800 -D_CRT_SECURE_NO_WARNINGS  conftest.C 1>&5
conftest.C
configure:3712: checking for highest Windows version supported by this SDK
configure:3812: checking for Windows SDK being recent enough
configure:3839: checking how to run the C preprocessor
configure:3919: checking how to run the C++ preprocessor
configure:3989: checking for _getc_nolock
configure:4021: cl -o conftest  -TC -nologo -D_HAS_EXCEPTIONS=0   conftest.c  1>&5
cl : Command line warning D9035 : option 'o' has been deprecated and will be removed in a future release
conftest.c
configure:4059: checking for sb-conf
configure:4059: checking for ve
configure:4121: checking for a BSD compatible install
configure:4174: checking whether ln -s works
configure:4196: checking for tar archiver
configure:4202: checking for gnutar
configure:4202: checking for gtar
configure:4202: checking for tar
configure:4239: checking for minimum required perl version >= 5.006
configure:4249: checking for full perl installation
configure:4267: checking for python2.7
configure:4377: checking Python environment is Mozilla virtualenv
configure:4400: checking for doxygen
configure:4449: checking for autoconf
configure:4498: checking for xargs
configure:4657: checking for make
configure:4780: checking for X
configure:4847: cl -E -nologo  conftest.c >/dev/null 2>conftest.out
configure(4843) : fatal error C1083: Cannot open include file: 'X11/Intrinsic.h': No such file or directory
configure: failed program was:
#line 4842 "configure"
#include "confdefs.h"
#include <X11/Intrinsic.h>
configure:4923: cl -o conftest  -TC -nologo -D_HAS_EXCEPTIONS=0   conftest.c -lXt  1>&5
cl : Command line warning D9035 : option 'o' has been deprecated and will be removed in a future release
cl : Command line warning D9002 : ignoring unknown option '-lXt'
conftest.c
conftest.obj : error LNK2019: unresolved external symbol XtMalloc referenced in function main
conftest.exe : fatal error LNK1120: 1 unresolved externals
configure: failed program was:
#line 4916 "configure"
#include "confdefs.h"

int main() {
XtMalloc()
; return 0; }
configure:5998: cl -c   conftest.c 1>&5
Microsoft (R) C/C++ Optimizing Compiler Version 18.00.31101 for x64
Copyright (C) Microsoft Corporation.  All rights reserved.

conftest.c
configure(5994) : error C2065: '__thumb2__' : undeclared identifier
configure: failed program was:
#line 5991 "configure"
#include "confdefs.h"

int main() {
return sizeof(__thumb2__);
; return 0; }
configure:6252: checking that static assertion macros used in autoconf tests work
configure:6273: cl -c  -TC -nologo -D_HAS_EXCEPTIONS=0  conftest.c 1>&5
conftest.c
configure:6290: cl -c  -TC -nologo -D_HAS_EXCEPTIONS=0  conftest.c 1>&5
conftest.c
configure(6290) : error C2118: negative subscript
configure: failed program was:
#line 6283 "configure"
#include "confdefs.h"

#define CONFIGURE_STATIC_ASSERT(condition) CONFIGURE_STATIC_ASSERT_IMPL(condition, __LINE__)
#define CONFIGURE_STATIC_ASSERT_IMPL(condition, line) CONFIGURE_STATIC_ASSERT_IMPL2(condition, line)
#define CONFIGURE_STATIC_ASSERT_IMPL2(condition, line) typedef int static_assert_line_##line[(condition) ? 1 : -1]

int main() {
CONFIGURE_STATIC_ASSERT(0)
; return 0; }
configure:6313: cl -c  -TP -nologo -wd4345 -wd4351 -wd4800 -D_CRT_SECURE_NO_WARNINGS -D_HAS_EXCEPTIONS=0  conftest.C 1>&5
conftest.C
configure:6330: cl -c  -TP -nologo -wd4345 -wd4351 -wd4800 -D_CRT_SECURE_NO_WARNINGS -D_HAS_EXCEPTIONS=0  conftest.C 1>&5
conftest.C
configure(6330) : error C2118: negative subscript
configure: failed program was:
#line 6323 "configure"
#include "confdefs.h"

#define CONFIGURE_STATIC_ASSERT(condition) CONFIGURE_STATIC_ASSERT_IMPL(condition, __LINE__)
#define CONFIGURE_STATIC_ASSERT_IMPL(condition, line) CONFIGURE_STATIC_ASSERT_IMPL2(condition, line)
#define CONFIGURE_STATIC_ASSERT_IMPL2(condition, line) typedef int static_assert_line_##line[(condition) ? 1 : -1]

int main() {
CONFIGURE_STATIC_ASSERT(0)
; return 0; }
configure:7249: checking for 64-bit OS
configure:7258: cl -c  -TC -nologo -D_HAS_EXCEPTIONS=0  conftest.c 1>&5
conftest.c
configure: error: You are targeting i386 but using the 64-bit compiler.
